<?xml version="1.0" encoding="UTF-8"?>
<testsuite name="com.ieseljust.AppTest" tests="1" skipped="0" failures="0" errors="0" timestamp="2025-01-21T19:33:17" hostname="DESKTOP-SN10FIN" time="0.002">
  <properties/>
  <testcase name="appHasAGreeting" classname="com.ieseljust.AppTest" time="0.002"/>
  <system-out><![CDATA[]]></system-out>
  <system-err><![CDATA[]]></system-err>
</testsuite>
